\BOOKMARK [1][-]{section.1}{\376\377\0002\0000\0002\0004\136\164\0001\0001\147\010\0001\0003\145\345}{}% 1
\BOOKMARK [2][-]{subsection.1.1}{\376\377\116\312\145\345\217\333\134\125}{section.1}% 2
\BOOKMARK [2][-]{subsection.1.2}{\376\377\147\054\153\041\117\134\116\032\166\204\127\372\147\054\211\201\154\102}{section.1}% 3
\BOOKMARK [3][-]{subsubsection.1.2.1}{\376\377\116\224\133\120\150\313\213\346\176\306\211\304\122\031}{subsection.1.2}% 4
\BOOKMARK [3][-]{subsubsection.1.2.2}{\376\377\121\166\116\326\211\201\154\102}{subsection.1.2}% 5
\BOOKMARK [2][-]{subsection.1.3}{\376\377\173\227\154\325\127\372\170\100\116\313\176\315}{section.1}% 6
\BOOKMARK [2][-]{subsection.1.4}{\376\377\146\016\145\345\213\241\122\022}{section.1}% 7
\BOOKMARK [2][-]{subsection.1.5}{\376\377\124\016\176\355\137\205\133\236\163\260\166\204\121\205\133\271}{section.1}% 8
\BOOKMARK [1][-]{section.2}{\376\377\0002\0000\0002\0004\136\164\0001\0001\147\010\0002\0007\145\345}{}% 9
\BOOKMARK [2][-]{subsection.2.1}{\376\377\116\312\145\345\217\333\134\125}{section.2}% 10
\BOOKMARK [2][-]{subsection.2.2}{\376\377\142\020\147\234\134\125\171\072}{section.2}% 11
\BOOKMARK [3][-]{subsubsection.2.2.1}{\376\377\172\013\136\217\165\114\227\142\142\052\126\376}{subsection.2.2}% 12
\BOOKMARK [3][-]{subsubsection.2.2.2}{\376\377\217\320\210\114\176\323\147\234}{subsection.2.2}% 13
\BOOKMARK [2][-]{subsection.2.3}{\376\377\225\356\230\230\116\016\211\343\121\263\145\271\150\110}{section.2}% 14
\BOOKMARK [3][-]{subsubsection.2.3.1}{\376\377\220\107\122\060\166\204\225\356\230\230}{subsection.2.3}% 15
\BOOKMARK [3][-]{subsubsection.2.3.2}{\376\377\211\343\121\263\145\271\154\325}{subsection.2.3}% 16
\BOOKMARK [2][-]{subsection.2.4}{\376\377\116\343\170\001\122\006\147\220}{section.2}% 17
\BOOKMARK [3][-]{subsubsection.2.4.1}{\376\377\150\313\166\330\122\035\131\313\123\026\116\016\146\076\171\072}{subsection.2.4}% 18
\BOOKMARK [3][-]{subsubsection.2.4.2}{\376\377\200\334\215\037\122\044\145\255\150\070\137\303\116\343\170\001}{subsection.2.4}% 19
\BOOKMARK [2][-]{subsection.2.5}{\376\377\146\016\145\345\213\241\122\022}{section.2}% 20
\BOOKMARK [1][-]{section.3}{\376\377\0002\0000\0002\0004\136\164\0001\0001\147\010\0002\0009\145\345}{}% 21
\BOOKMARK [2][-]{subsection.3.1}{\376\377\116\312\145\345\217\333\134\125}{section.3}% 22
\BOOKMARK [2][-]{subsection.3.2}{\376\377\142\020\147\234\134\125\171\072}{section.3}% 23
\BOOKMARK [3][-]{subsubsection.3.2.1}{\376\377\172\013\136\217\165\114\227\142\142\052\126\376}{subsection.3.2}% 24
\BOOKMARK [3][-]{subsubsection.3.2.2}{\376\377\217\320\210\114\176\323\147\234}{subsection.3.2}% 25
\BOOKMARK [2][-]{subsection.3.3}{\376\377\225\356\230\230\116\016\211\343\121\263\145\271\150\110}{section.3}% 26
\BOOKMARK [3][-]{subsubsection.3.3.1}{\376\377\220\107\122\060\166\204\225\356\230\230}{subsection.3.3}% 27
\BOOKMARK [3][-]{subsubsection.3.3.2}{\376\377\211\343\121\263\145\271\154\325}{subsection.3.3}% 28
\BOOKMARK [2][-]{subsection.3.4}{\376\377\116\343\170\001\122\006\147\220}{section.3}% 29
\BOOKMARK [3][-]{subsubsection.3.4.1}{\376\377\171\201\142\113\211\304\122\031\150\300\155\113\116\343\170\001}{subsection.3.4}% 30
\BOOKMARK [3][-]{subsubsection.3.4.2}{\376\377\203\334\123\125\122\237\200\375\116\343\170\001}{subsection.3.4}% 31
\BOOKMARK [3][-]{subsubsection.3.4.3}{\376\377\217\223\121\145\121\375\145\160\116\343\170\001}{subsection.3.4}% 32
\BOOKMARK [2][-]{subsection.3.5}{\376\377\146\016\145\345\213\241\122\022}{section.3}% 33
